<?xml version="1.0" encoding="UTF-8"?>
<!-- Generated by org.testng.reporters.JUnitReportReporter -->
<testsuite hostname="L-INE-5N15T93" failures="0" tests="2" name="com.E_Commerce.tests.LoginPageTest" time="2.883" errors="0" timestamp="2025-07-13T01:14:08 IST" skipped="0">
  <testcase classname="com.E_Commerce.tests.LoginPageTest" name="login" time="1.140"/>
  <testcase classname="com.E_Commerce.tests.LoginPageTest" name="login" time="1.743"/>
</testsuite> <!-- com.E_Commerce.tests.LoginPageTest -->
