<?xml version="1.0" encoding="UTF-8"?>
<!-- Generated by org.testng.reporters.JUnitReportReporter -->
<testsuite hostname="L-INE-5N15T93" failures="0" tests="1" name="com.E_Commerce.tests.LoginPageTest" time="0.154" errors="0" timestamp="2025-06-14T14:57:12 IST" skipped="0">
  <testcase classname="com.E_Commerce.tests.LoginPageTest" name="login" time="0.154"/>
</testsuite> <!-- com.E_Commerce.tests.LoginPageTest -->
