<?xml version="1.0" encoding="UTF-8"?>
<!-- Generated by org.testng.reporters.JUnitReportReporter -->
<testsuite hostname="L-INE-5N15T93" failures="0" tests="1" name="com.E_Commerce.tests.LoginPageTest" time="1.222" errors="0" timestamp="2025-06-18T20:08:56 IST" skipped="0">
  <testcase classname="com.E_Commerce.tests.LoginPageTest" name="login" time="1.222"/>
</testsuite> <!-- com.E_Commerce.tests.LoginPageTest -->
