<?xml version="1.0" encoding="UTF-8"?>
<!-- Generated by org.testng.reporters.JUnitReportReporter -->
<testsuite hostname="L-INE-5N15T93" failures="0" tests="2" name="com.E_Commerce.tests.LoginPageTest" time="10.070" errors="0" timestamp="2025-07-16T00:44:43 IST" skipped="0">
  <testcase classname="com.E_Commerce.tests.LoginPageTest" name="login" time="7.730"/>
  <testcase classname="com.E_Commerce.tests.LoginPageTest" name="login" time="2.340"/>
</testsuite> <!-- com.E_Commerce.tests.LoginPageTest -->
