<?xml version="1.0" encoding="UTF-8"?>
<!-- Generated by org.testng.reporters.JUnitReportReporter -->
<testsuite hostname="L-INE-5N15T93" failures="0" tests="1" name="com.E_Commerce.tests.LoginPageTest" time="1.150" errors="0" timestamp="2025-07-07T20:41:45 IST" skipped="0">
  <testcase classname="com.E_Commerce.tests.LoginPageTest" name="login" time="1.150"/>
</testsuite> <!-- com.E_Commerce.tests.LoginPageTest -->
