<?xml version="1.0" encoding="UTF-8"?>
<!-- Generated by org.testng.reporters.JUnitReportReporter -->
<testsuite hostname="L-INE-5N15T93" failures="0" tests="6" name="com.ecom.Test.RegistrationPageTest" time="25.920" errors="0" timestamp="2025-10-16T12:50:02 IST" skipped="0">
  <testcase classname="com.ecom.Test.RegistrationPageTest" name="Register" time="3.046"/>
  <testcase classname="com.ecom.Test.RegistrationPageTest" name="Register" time="7.737"/>
  <testcase classname="com.ecom.Test.RegistrationPageTest" name="Register" time="4.185"/>
  <testcase classname="com.ecom.Test.RegistrationPageTest" name="Register" time="4.072"/>
  <testcase classname="com.ecom.Test.RegistrationPageTest" name="Register" time="3.113"/>
  <testcase classname="com.ecom.Test.RegistrationPageTest" name="Register" time="3.767"/>
</testsuite> <!-- com.ecom.Test.RegistrationPageTest -->
